<?xml version="1.0" encoding="UTF-8"?>
<!-- Generated by org.testng.reporters.JUnitXMLReporter -->
<testsuite hostname="ASM573" ignored="0" name="TestNG.xml" tests="4" failures="0" timestamp="2022-02-01T07:19:57 PST" time="31.752" errors="0">
  <testcase name="college_Detail" time="9.993" classname="com.edu.qa.demo.College_Detail"/>
  <testcase name="displaysearch_result" time="1.94" classname="com.edu.qa.demo.College_Detail"/>
  <testcase name="courseLink" time="7.554" classname="com.edu.qa.demo.Course_Detail"/>
  <testcase name="search_for_college" time="0.4" classname="com.edu.qa.demo.Search_Detail"/>
</testsuite> <!-- TestNG.xml -->
